Build started 8/17/2014 8:54:56 PM.
     1>Project "C:\Users\jbrock\Documents\Github\MiscSmallTestProjects\RotationsOpenGL\RotationsOpenGL.vcxproj" on node 2 (Build target(s)).
     1>ClCompile:
         C:\Program Files (x86)\Microsoft Visual Studio 12.0\VC\bin\CL.exe /c /I..\RotationsOpenGL\glm /I"..\RotationsOpenGL\glfw-3.0.4\include" /ZI /nologo /W3 /WX- /sdl /Od /Oy- /D _MBCS /Gm /EHsc /RTC1 /MDd /GS /fp:precise /Zc:wchar_t /Zc:forScope /Fo"Debug\\" /Fd"Debug\vc120.pdb" /Gd /TP /analyze- /errorReport:prompt main.cpp
         main.cpp
     1>c:\users\jbrock\documents\github\miscsmalltestprojects\rotationsopengl\main.cpp(258): warning C4244: '=' : conversion from 'double' to 'float', possible loss of data
     1>c:\users\jbrock\documents\github\miscsmalltestprojects\rotationsopengl\main.cpp(264): warning C4244: '=' : conversion from 'double' to 'float', possible loss of data
     1>c:\users\jbrock\documents\github\miscsmalltestprojects\rotationsopengl\main.cpp(274): warning C4244: '=' : conversion from 'double' to 'float', possible loss of data
     1>c:\users\jbrock\documents\github\miscsmalltestprojects\rotationsopengl\main.cpp(281): warning C4244: '=' : conversion from 'double' to 'float', possible loss of data
     1>c:\users\jbrock\documents\github\miscsmalltestprojects\rotationsopengl\main.cpp(314): warning C4244: '=' : conversion from 'double' to 'float', possible loss of data
     1>c:\users\jbrock\documents\github\miscsmalltestprojects\rotationsopengl\main.cpp(321): warning C4244: '=' : conversion from 'double' to 'float', possible loss of data
     1>c:\users\jbrock\documents\github\miscsmalltestprojects\rotationsopengl\main.cpp(322): warning C4244: '=' : conversion from 'double' to 'float', possible loss of data
     1>c:\users\jbrock\documents\github\miscsmalltestprojects\rotationsopengl\main.cpp(324): warning C4244: '=' : conversion from 'double' to 'float', possible loss of data
     1>c:\users\jbrock\documents\github\miscsmalltestprojects\rotationsopengl\main.cpp(340): warning C4244: '=' : conversion from 'double' to 'float', possible loss of data
     1>c:\users\jbrock\documents\github\miscsmalltestprojects\rotationsopengl\main.cpp(341): warning C4244: '=' : conversion from 'double' to 'float', possible loss of data
     1>c:\users\jbrock\documents\github\miscsmalltestprojects\rotationsopengl\main.cpp(342): warning C4244: '=' : conversion from 'double' to 'float', possible loss of data
     1>c:\users\jbrock\documents\github\miscsmalltestprojects\rotationsopengl\main.cpp(348): warning C4244: '=' : conversion from 'double' to 'float', possible loss of data
     1>c:\users\jbrock\documents\github\miscsmalltestprojects\rotationsopengl\main.cpp(420): warning C4172: returning address of local variable or temporary
     1>c:\users\jbrock\documents\github\miscsmalltestprojects\rotationsopengl\main.cpp(489): warning C4244: '=' : conversion from 'double' to 'float', possible loss of data
         GLM: angleAxis function taking degrees as a parameter is deprecated. #define GLM_FORCE_RADIANS before including GLM headers to remove this message.
       Link:
         C:\Program Files (x86)\Microsoft Visual Studio 12.0\VC\bin\link.exe /ERRORREPORT:PROMPT /OUT:"C:\Users\jbrock\Documents\Github\MiscSmallTestProjects\Debug\RotationsOpenGL.exe" /INCREMENTAL /NOLOGO /LIBPATH:"..\RotationsOpenGL\glfw-3.0.4\src\Debug" opengl32.lib glfw3.lib kernel32.lib user32.lib gdi32.lib winspool.lib comdlg32.lib advapi32.lib shell32.lib ole32.lib oleaut32.lib uuid.lib odbc32.lib odbccp32.lib /MANIFEST /MANIFESTUAC:"level='asInvoker' uiAccess='false'" /manifest:embed /DEBUG /PDB:"C:\Users\jbrock\Documents\Github\MiscSmallTestProjects\Debug\RotationsOpenGL.pdb" /TLBID:1 /DYNAMICBASE /NXCOMPAT /IMPLIB:"C:\Users\jbrock\Documents\Github\MiscSmallTestProjects\Debug\RotationsOpenGL.lib" /MACHINE:X86 Debug\main.obj
         RotationsOpenGL.vcxproj -> C:\Users\jbrock\Documents\Github\MiscSmallTestProjects\Debug\RotationsOpenGL.exe
     1>Done Building Project "C:\Users\jbrock\Documents\Github\MiscSmallTestProjects\RotationsOpenGL\RotationsOpenGL.vcxproj" (Build target(s)).

Build succeeded.

Time Elapsed 00:00:00.79
